Bought Party Fedora  for 130 | 2025-09-12 00:28:54
Bought Party Fedora  for 130 | 2025-09-12 00:28:57
Bought Cake Topper for 180 | 2025-09-12 00:29:06
Bought Cake Topper for 180 | 2025-09-12 00:29:09
Bought Sugar Shades for 95 | 2025-09-12 00:29:18
Bought Sugar Shades for 95 | 2025-09-12 00:29:21
Bought Sugar Shades for 95 | 2025-09-12 00:29:24
Bought Sugar Shades for 95 | 2025-09-12 00:29:27
Bought Goldrow for 124 | 2025-09-12 00:29:33
Bought Goldrow for 124 | 2025-09-12 00:29:36
Bought Party Unicorn Floatie for 180 | 2025-09-12 00:30:10
Bought Party Unicorn Floatie for 180 | 2025-09-12 00:30:13
Bought Party Unicorn Floatie for 180 | 2025-09-12 00:30:16
Bought Party Unicorn Floatie for 180 | 2025-09-12 00:30:19
Bought Party Unicorn Floatie for 180 | 2025-09-12 00:30:22
Bought Party Unicorn Floatie for 180 | 2025-09-12 00:30:25
Bought Party Unicorn Floatie for 180 | 2025-09-12 00:30:28
Bought Party Unicorn Floatie for 180 | 2025-09-12 00:30:31
Bought Party Unicorn Floatie for 180 | 2025-09-12 00:30:34
Bought Party Unicorn Floatie for 180 | 2025-09-12 00:30:37
Bought Party Unicorn Floatie for 180 | 2025-09-12 00:30:41
Bought Party Unicorn Floatie for 180 | 2025-09-12 00:30:44
Bought Party Unicorn Floatie for 180 | 2025-09-12 00:30:47
Bought Party Unicorn Floatie for 180 | 2025-09-12 00:30:50
Bought Party Unicorn Floatie for 180 | 2025-09-12 00:30:53
Bought Party Unicorn Floatie for 180 | 2025-09-12 00:30:56
Bought Party Unicorn Floatie for 180 | 2025-09-12 00:30:59
Bought Party Unicorn Floatie for 180 | 2025-09-12 00:31:02
Bought Party Unicorn Floatie for 180 | 2025-09-12 00:31:05
Bought Party Unicorn Floatie for 180 | 2025-09-12 00:31:08
Bought Party Unicorn Floatie for 180 | 2025-09-12 00:31:11
Bought Party Unicorn Floatie for 180 | 2025-09-12 00:31:14
Bought Party Unicorn Floatie for 180 | 2025-09-12 00:31:17
Bought Party Unicorn Floatie for 180 | 2025-09-12 00:31:20
Bought Party Unicorn Floatie for 180 | 2025-09-12 00:31:24
Bought POW! To the Moon! Egg for 120 | 2025-09-12 01:19:10
Bought POW! To the Moon! Egg for 120 | 2025-09-12 01:19:14
Bought POW! To the Moon! Egg for 120 | 2025-09-12 01:19:17
Bought POW! To the Moon! Egg for 120 | 2025-09-12 01:19:20
Bought POW! To the Moon! Egg for 120 | 2025-09-12 01:19:23
Bought POW! To the Moon! Egg for 120 | 2025-09-12 01:19:26
Bought POW! To the Moon! Egg for 120 | 2025-09-12 01:19:29
Bought POW! To the Moon! Egg for 120 | 2025-09-12 01:19:32
Bought POW! To the Moon! Egg for 120 | 2025-09-12 01:19:35
Bought POW! To the Moon! Egg for 120 | 2025-09-12 01:19:38
Bought POW! To the Moon! Egg for 120 | 2025-09-12 01:19:41
Bought 8-Bit Royal Crown for 17000 | 2025-09-12 02:24:07
Bought 8-Bit Royal Crown for 17000 | 2025-09-12 02:24:10
Bought 8-Bit Royal Crown for 17000 | 2025-09-12 02:24:13
Bought 8-Bit Royal Crown for 17000 | 2025-09-12 02:24:16
Bought Vault Commando for 7500 | 2025-09-12 02:36:59
Bought Vault Commando for 7500 | 2025-09-12 02:37:02
Bought Vault Commando for 7500 | 2025-09-12 02:37:05
Bought Vault Commando for 7500 | 2025-09-12 02:37:08
Bought Vault Commando for 7500 | 2025-09-12 02:37:11
Bought Vault Commando for 7500 | 2025-09-12 02:37:14
Bought Vault Commando for 7500 | 2025-09-12 02:37:18
Bought Vault Commando for 7500 | 2025-09-12 02:37:21
Bought Vault Commando for 7500 | 2025-09-12 02:37:24
Bought Vault Commando for 7500 | 2025-09-12 02:37:27
Bought Vault Commando for 7500 | 2025-09-12 02:37:30
Bought Vault Commando for 7500 | 2025-09-12 02:37:33
Bought Vault Commando for 7500 | 2025-09-12 02:37:36
Bought Vault Commando for 7500 | 2025-09-12 02:37:39
Bought Vault Commando for 7500 | 2025-09-12 02:37:42
Bought Vault Commando for 7500 | 2025-09-12 02:37:45
Bought Vault Commando for 7500 | 2025-09-12 02:37:48
Bought Vault Commando for 7500 | 2025-09-12 02:37:51
Bought Vault Commando for 7500 | 2025-09-12 02:37:54
Bought Vault Commando for 7500 | 2025-09-12 02:37:57
Bought Vault Commando for 7500 | 2025-09-12 02:38:00
Bought Vault Commando for 7500 | 2025-09-12 02:38:03
Bought Vault Commando for 7500 | 2025-09-12 02:38:06
Bought Vault Commando for 7500 | 2025-09-12 02:38:09
Bought Vault Commando for 7500 | 2025-09-12 02:38:13
Bought Vault Commando for 7500 | 2025-09-12 02:38:16
Bought Vault Commando for 7500 | 2025-09-12 02:38:19
Bought Vault Commando for 7500 | 2025-09-12 02:38:22
Bought Vault Commando for 7500 | 2025-09-12 02:38:25
Bought Vault Commando for 7500 | 2025-09-12 02:38:28
Bought Vault Commando for 7500 | 2025-09-12 02:38:31
Bought Vault Commando for 7500 | 2025-09-12 02:38:34
Bought Vault Commando for 7500 | 2025-09-12 02:38:37
Bought Vault Commando for 7500 | 2025-09-12 02:38:40
Bought Vault Commando for 7500 | 2025-09-12 02:38:43
Bought Vault Commando for 7500 | 2025-09-12 02:38:46
Bought Vault Commando for 7500 | 2025-09-12 02:38:49
Bought Vault Commando for 7500 | 2025-09-12 02:38:52
Bought Vault Commando for 7500 | 2025-09-12 02:38:55
Bought Vault Commando for 7500 | 2025-09-12 02:38:58
