2025/10/13 19:27:15 Purchase request executed: {"purchaseResult":"Purchase transaction is failed.","purchased":false,"pending":false,"errorMessage":"InsufficientBalance"}
2025/10/13 19:54:31 Purchase request executed: {"purchaseResult":"Purchase transaction is failed.","purchased":false,"pending":false,"errorMessage":"InsufficientBalance"}
2025/10/13 22:23:59 Purchase request executed: {"purchaseResult":"Purchase transaction is failed.","purchased":false,"pending":false,"errorMessage":"InsufficientBalance"}
2025/10/13 23:46:05 Purchase request executed: {"purchaseResult":"Purchase transaction is failed.","purchased":false,"pending":false,"errorMessage":"InsufficientBalance"}
2025/10/14 02:45:45 Could not get X-CSRF token.
2025/10/14 02:47:50 Purchase request executed: {"purchaseResult":"Purchase transaction is failed.","purchased":false,"pending":false,"errorMessage":"InsufficientBalance"}
2025/10/14 02:55:05 Purchase request executed: {"purchaseResult":"Purchase transaction success.","purchased":true,"pending":false,"errorMessage":null}
2025/10/14 06:31:49 Purchase request executed: {"purchaseResult":"Purchase transaction success.","purchased":true,"pending":false,"errorMessage":null}
2025/10/14 11:20:59 Purchase request executed: {"purchaseResult":"Purchase transaction is failed.","purchased":false,"pending":false,"errorMessage":"InsufficientBalance"}
2025/10/14 12:05:20 Purchase request executed: {"purchaseResult":"Purchase transaction is failed.","purchased":false,"pending":false,"errorMessage":"InsufficientBalance"}
2025/10/14 12:34:09 Purchase request executed: {"purchaseResult":"Purchase transaction is failed.","purchased":false,"pending":false,"errorMessage":"InsufficientBalance"}
2025/10/14 12:59:38 Purchase request executed: {"purchaseResult":"Purchase transaction is failed.","purchased":false,"pending":false,"errorMessage":"InsufficientBalance"}
2025/10/14 13:57:18 Purchase request executed: {"purchaseResult":"Purchase transaction is failed.","purchased":false,"pending":false,"errorMessage":"InsufficientBalance"}
2025/10/14 16:52:34 Purchase request executed: {"purchaseResult":"Purchase transaction is failed.","purchased":false,"pending":false,"errorMessage":"InsufficientBalance"}
2025/10/14 18:46:49 Purchase request executed: {"purchaseResult":"Purchase transaction is failed.","purchased":false,"pending":false,"errorMessage":"InsufficientBalance"}
2025/10/14 21:01:00 Purchase request executed: {"purchaseResult":"Purchase transaction is failed.","purchased":false,"pending":false,"errorMessage":"InsufficientBalance"}
2025/10/14 22:11:11 Purchase request executed: {"purchaseResult":"Purchase transaction is failed, Robux will be rolled back soon.","purchased":false,"pending":false,"errorMessage":null}
2025/10/14 22:11:12 Purchase request executed: {"purchaseResult":"Purchase transaction is failed.","purchased":false,"pending":false,"errorMessage":"NotForSale"}
2025/10/14 22:11:14 Price of 449 does not match.
2025/10/14 22:11:15 Price of 449 does not match.
2025/10/14 22:11:16 Price of 449 does not match.
2025/10/14 22:11:18 Price of 449 does not match.
2025/10/14 22:11:19 Price of 449 does not match.
2025/10/14 22:11:20 Price of 449 does not match.
2025/10/15 02:40:28 Purchase request executed: {"purchaseResult":"Purchase transaction is failed.","purchased":false,"pending":false,"errorMessage":"InsufficientBalance"}
2025/10/15 05:32:42 Could not get X-CSRF token.
2025/10/15 05:32:43 Could not get X-CSRF token.
2025/10/15 05:32:45 Could not get X-CSRF token.
2025/10/15 05:32:46 Price of 200 does not match.
2025/10/15 05:32:47 Price of 200 does not match.
2025/10/15 05:32:48 Price of 200 does not match.
2025/10/15 05:32:50 Price of 200 does not match.
2025/10/15 05:32:51 Price of 200 does not match.
2025/10/15 05:32:52 Price of 200 does not match.
2025/10/15 11:50:13 Could not get X-CSRF token.
2025/10/15 11:50:15 Price of 444 does not match.
2025/10/15 11:50:16 Price of 444 does not match.
2025/10/15 11:55:20 Purchase request executed: {"purchaseResult":"Purchase transaction is failed.","purchased":false,"pending":false,"errorMessage":"InsufficientBalance"}
2025/10/15 13:54:16 Purchase request executed: {"purchaseResult":"Purchase transaction is failed.","purchased":false,"pending":false,"errorMessage":"InsufficientBalance"}
2025/10/15 15:26:40 Purchase request executed: {"purchaseResult":"Purchase transaction is failed.","purchased":false,"pending":false,"errorMessage":"InsufficientBalance"}
2025/10/15 16:36:14 Purchase request executed: {"purchaseResult":"Purchase transaction success.","purchased":true,"pending":false,"errorMessage":null}
2025/10/15 16:36:15 Price of 239 does not match.
2025/10/15 16:36:16 Price of 239 does not match.
2025/10/15 17:09:05 Price of 245 does not match.
2025/10/15 17:09:06 Price of 333 does not match.
2025/10/15 17:09:07 Price of 245 does not match.
2025/10/15 17:09:07 Price of 333 does not match.
2025/10/15 17:09:12 Purchase request executed: {"purchaseResult":"Purchase transaction is failed.","purchased":false,"pending":false,"errorMessage":"InsufficientBalance"}
2025/10/15 17:09:13 Price of 459 does not match.
2025/10/15 17:09:14 Price of 459 does not match.
2025/10/15 17:09:16 Price of 459 does not match.
2025/10/15 17:09:17 Price of 459 does not match.
2025/10/15 17:13:04 Purchase request executed: {"purchaseResult":"Purchase transaction is failed.","purchased":false,"pending":false,"errorMessage":"InsufficientBalance"}
2025/10/15 17:13:05 Price of 480 does not match.
2025/10/15 17:13:07 Price of 480 does not match.
2025/10/15 17:13:08 Price of 480 does not match.
2025/10/15 17:13:09 Price of 480 does not match.
2025/10/15 19:40:05 Purchase request executed: {"purchaseResult":"Purchase transaction is failed.","purchased":false,"pending":false,"errorMessage":"InsufficientBalance"}
2025/10/15 23:57:55 Price of 700 does not match.
2025/10/15 23:57:56 Price of 700 does not match.
2025/10/16 00:56:01 Purchase request executed: {"purchaseResult":"Purchase transaction is failed.","purchased":false,"pending":false,"errorMessage":"InsufficientBalance"}
2025/10/16 02:28:15 Purchase request executed: {"purchaseResult":"Purchase transaction is failed.","purchased":false,"pending":false,"errorMessage":"InsufficientBalance"}
2025/10/16 02:35:15 Purchase request executed: {"purchaseResult":"Purchase transaction success.","purchased":true,"pending":false,"errorMessage":null}
2025/10/16 02:35:16 Price of 249 does not match.
2025/10/16 02:35:17 Price of 249 does not match.
2025/10/16 02:35:19 Price of 249 does not match.
2025/10/16 02:35:20 Price of 249 does not match.
2025/10/19 15:51:41 Could not get X-CSRF token.
2025/10/19 15:52:15 Purchase request executed: {"purchaseResult":"Purchase transaction is failed.","purchased":false,"pending":false,"errorMessage":"InsufficientBalance"}
2025/10/19 17:54:58 Purchase request executed: {"purchaseResult":"Purchase transaction is failed.","purchased":false,"pending":false,"errorMessage":"InsufficientBalance"}
2025/10/19 23:03:50 Purchase request executed: {"purchaseResult":"Purchase transaction success.","purchased":true,"pending":false,"errorMessage":null}
2025/10/19 23:03:51 Price of 285 does not match.
2025/10/19 23:03:53 Price of 285 does not match.
2025/10/20 01:14:59 Purchase request executed: {"purchaseResult":"Purchase transaction is failed, Robux will be rolled back soon.","purchased":false,"pending":false,"errorMessage":null}
2025/10/20 01:15:00 Price of 280 does not match.
